<?xml version="1.0" encoding="UTF-8"?>
<testng-results skipped="0" failed="0" ignored="0" total="1" passed="1">
  <reporter-output>
  </reporter-output>
  <suite name="Default suite" duration-ms="9699" started-at="2018-10-15T11:04:53Z" finished-at="2018-10-15T11:05:03Z">
    <groups>
    </groups>
    <test name="Default test" duration-ms="9699" started-at="2018-10-15T11:04:53Z" finished-at="2018-10-15T11:05:03Z">
      <class name="Selenium.Demo2">
        <test-method status="PASS" signature="f()[pri:0, instance:Selenium.Demo2@26be92ad]" name="f" duration-ms="9672" started-at="2018-10-15T11:04:53Z" finished-at="2018-10-15T11:05:03Z">
          <reporter-output>
          </reporter-output>
        </test-method> <!-- f -->
      </class> <!-- Selenium.Demo2 -->
    </test> <!-- Default test -->
  </suite> <!-- Default suite -->
</testng-results>
